# ELBREAD: Elaboration process.
# ELBREAD: Elaboration time 0.1 [s].
asim -O5 +access +r +m+vending_machine vending_machine
# ELBREAD: Elaboration process.
# ELBREAD: Elaboration time 0.0 [s].
# VSIM: Stack memory: 32MB
# VSIM: Retval memory: 32MB
# 
alog -O2 -sve -msg 5 -sv2k17 -work DSD_Project $dsn/src/vending_machine.v
# Unit top modules: vending_machine.
# Compile success 0 Errors 0 Warnings  Analysis time: 0[s].
# done
# ELBREAD: Elaboration process.
# ELBREAD: Elaboration time 0.0 [s].
# KERNEL: Main thread initiated.
# KERNEL: Kernel process initialization phase.
# ELAB2: Elaboration final pass...
# ELAB2: Create instances ...
# KERNEL: Time resolution set to 1ps.
# ELAB2: Create instances complete.
# SLP: Started
# SLP: Elaboration phase ...
# SLP: Warning: vending_machine.v (25): Length of connection (32) does not match the length of port "clr" (1) on instance "/vending_machine/p_reg".
# SLP: Warning: vending_machine.v (26): Length of connection (32) does not match the length of port "clr" (1) on instance "/vending_machine/q_reg".
# SLP: Warning: vending_machine.v (27): Length of connection (32) does not match the length of port "clr" (1) on instance "/vending_machine/m_reg".
# SLP: Warning: vending_machine.v (37): Length of connection (1) does not match the length of port "x" (4) on instance "/vending_machine/dispense".
# SLP: Warning: multiplier_4bit.v (29): Length of connection (7) does not match the length of port "b" (4) on instance "/vending_machine/mul/mul_module/adder3".
# SLP: Warning: multiplier_4bit.v (25): Length of connection (6) does not match the length of port "b" (4) on instance "/vending_machine/mul/mul_module/adder2".
# SLP: Warning: multiplier_4bit.v (21): Length of connection (5) does not match the length of port "b" (4) on instance "/vending_machine/mul/mul_module/adder1".
# SLP: Warning: vending_machine.v (30): Length of connection (4) does not match the length of port "result" (8) on instance "/vending_machine/mul".
# SLP: Warning: vending_machine.v (35): Length of connection (4) does not match the length of port "result" (8) on instance "/vending_machine/sub".
# SLP: Warning: vending_machine.v (37): Length of connection (1) does not match the length of port "y" (4) on instance "/vending_machine/dispense".
# SLP: Elaboration phase ... done : 0.0 [s]
# SLP: Generation phase ...
# SLP: Generation phase ... done : 1.3 [s]
# SLP: Finished : 1.5 [s]
# SLP: 11 (4.62%) primitives and 227 (95.38%) other processes in SLP
# SLP: 1243 (100.00%) signals in SLP and 0 interface signals
# ELAB2: Elaboration final pass complete - time: 1.6 [s].
# KERNEL: SLP loading done - time: 0.3 [s].
# KERNEL: Warning: You are using the Active-HDL Student Edition. The performance of simulation is running at a reduced rate.
# KERNEL: Warning: Contact Aldec for available upgrade options - sales@aldec.com.
# KERNEL: SLP simulation initialization done - time: 0.0 [s].
# KERNEL: Kernel process initialization done.
# Allocation: Simulator allocated 4711 kB (elbread=430 elab2=4146 kernel=134 sdf=0)
# KERNEL: ASDB file was created in location C:\Users\ccc\Desktop\Final\DSD_Project\DSD_Project\src\wave.asdb
#  10:13 PM, Monday, January 27, 2025
#  Simulation has been initialized
run
# KERNEL: Time=0 | C=x | Price=xxxx (x), Quantity=xxxx (x), Money=xxxx (x) | Total=0000 (0) | Return=0000 | Dispense=0
# KERNEL: Time=25000 | C=1 | Price=0010 (2), Quantity=0011 (3), Money=0110 (6) | Total=0110 (6) | Return=0000 | Dispense=0
# KERNEL: Time=35000 | C=1 | Price=0010 (2), Quantity=0011 (3), Money=0110 (6) | Total=0000 (0) | Return=0000 | Dispense=0
# KERNEL: Time=65000 | C=1 | Price=0010 (2), Quantity=0011 (3), Money=0110 (6) | Total=0000 (0) | Return=0000 | Dispense=1
# KERNEL: Time=75000 | C=1 | Price=0010 (2), Quantity=0011 (3), Money=0110 (6) | Total=0000 (0) | Return=0000 | Dispense=0
# KERNEL: Time=95000 | C=0 | Price=0101 (5), Quantity=0011 (3), Money=1100 (12) | Total=1111 (15) | Return=0000 | Dispense=0
# KERNEL: Time=105000 | C=1 | Price=0101 (5), Quantity=0011 (3), Money=1100 (12) | Total=0000 (0) | Return=0000 | Dispense=0
# KERNEL: Time=135000 | C=1 | Price=0101 (5), Quantity=0011 (3), Money=1100 (12) | Total=0000 (0) | Return=0000 | Dispense=1
# KERNEL: Time=145000 | C=1 | Price=0101 (5), Quantity=0011 (3), Money=1100 (12) | Total=0000 (0) | Return=0000 | Dispense=0
# KERNEL: Time=165000 | C=1 | Price=0011 (3), Quantity=0101 (5), Money=1111 (15) | Total=1111 (15) | Return=0000 | Dispense=0
# KERNEL: Time=175000 | C=1 | Price=0011 (3), Quantity=0101 (5), Money=1111 (15) | Total=0000 (0) | Return=0000 | Dispense=0
# KERNEL: Time=205000 | C=1 | Price=0011 (3), Quantity=0101 (5), Money=1111 (15) | Total=0000 (0) | Return=0000 | Dispense=1
# KERNEL: Time=215000 | C=1 | Price=0011 (3), Quantity=0101 (5), Money=1111 (15) | Total=0000 (0) | Return=0000 | Dispense=0
# RUNTIME: Info: RUNTIME_0068 vending_machine.v (111): $finish called.
# KERNEL: Time: 220 ns,  Iteration: 0,  Instance: /vending_machine,  Process: @INITIAL#47_1@.
# KERNEL: stopped at time: 220 ns
# VSIM: Simulation has finished. There are no more test vectors to simulate.
endsim
# VSIM: Simulation has finished.
